05/02/2026 03:30:30=> First arg: C:\Unimake\Unimake.UniDANFe\Unimake_EXE\Unimake_EXE\tmp\unimake.unidanfe\Unimake.Unidanfe.Console_2026020515303029_1790128650.json
05/02/2026 03:30:30=> 2 ww True
05/02/2026 03:30:30=> 2 ww True
05/02/2026 03:30:30=> 4 ww
05/02/2026 03:30:36=> First arg: C:\Unimake\Unimake.UniDANFe\Unimake_EXE\Unimake_EXE\tmp\unimake.unidanfe\Unimake.Unidanfe.Console_2026020515303600_483528347.json
05/02/2026 03:30:36=> 2 ww True
05/02/2026 03:30:36=> 2 ww True
05/02/2026 03:30:36=> 4 ww
05/02/2026 03:31:03=> First arg: C:\Unimake\Unimake.UniDANFe\Unimake_EXE\Unimake_EXE\tmp\unimake.unidanfe\Unimake.Unidanfe.Console_2026020515310389_407159639.json
05/02/2026 03:31:03=> 2 ww True
05/02/2026 03:31:03=> 2 ww True
05/02/2026 03:31:03=> 4 ww
05/02/2026 03:31:10=> First arg: C:\Unimake\Unimake.UniDANFe\Unimake_EXE\Unimake_EXE\tmp\unimake.unidanfe\Unimake.Unidanfe.Console_2026020515311015_395549043.json
05/02/2026 03:31:10=> 2 ww True
05/02/2026 03:31:10=> 2 ww True
05/02/2026 03:31:10=> 4 ww
05/02/2026 03:31:43=> First arg: C:\Unimake\Unimake.UniDANFe\Unimake_EXE\Unimake_EXE\tmp\unimake.unidanfe\Unimake.Unidanfe.Console_2026020515314338_1354426366.json
05/02/2026 03:31:43=> 2 ww True
05/02/2026 03:31:43=> 2 ww True
05/02/2026 03:31:43=> 4 ww
05/02/2026 03:31:43=> Configuration read...
05/02/2026 03:31:43=> XML: C:\Users\Wandrey\OneDrive\Downloads\nfsenacional_retorno.xml
05/02/2026 03:31:43=> PDF: 
05/02/2026 03:31:43=> DLL ConfigurationScope.Instance.PastaConfiguracao: 
05/02/2026 03:31:43=> Start executing ...
05/02/2026 03:31:48=> First arg: C:\Unimake\Unimake.UniDANFe\Unimake_EXE\Unimake_EXE\tmp\unimake.unidanfe\Unimake.Unidanfe.Console_2026020515314836_1626235402.json
05/02/2026 03:31:48=> 2 ww True
05/02/2026 03:31:48=> 2 ww True
05/02/2026 03:31:48=> 4 ww
05/02/2026 03:31:48=> Configuration read...
05/02/2026 03:31:48=> XML: D:\testenfe\41220606117473000150550010000580071051443444-procnfe.xml
05/02/2026 03:31:48=> PDF: 
05/02/2026 03:31:48=> DLL ConfigurationScope.Instance.PastaConfiguracao: 
05/02/2026 03:31:48=> Start executing ...
